0 info it worked if it ends with ok
1 verbose cli [ 'D:\\Program Files\\nodejs\\node.exe',
1 verbose cli   'D:\\Program Files\\nodejs\\node_modules\\npm\\bin\\npm-cli.js',
1 verbose cli   'install',
1 verbose cli   '--save',
1 verbose cli   'dotenv' ]
2 info using npm@2.15.1
3 info using node@v4.4.3
4 verbose install initial load of E:\GitHub\imballinst.github.io\package.json
5 verbose installManyTop reading scoped package data from E:\GitHub\imballinst.github.io\node_modules\axios\package.json
6 verbose installManyTop reading scoped package data from E:\GitHub\imballinst.github.io\node_modules\babel-polyfill\package.json
7 verbose installManyTop reading scoped package data from E:\GitHub\imballinst.github.io\node_modules\babel-preset-es2015\package.json
8 verbose installManyTop reading scoped package data from E:\GitHub\imballinst.github.io\node_modules\babel-preset-react\package.json
9 verbose installManyTop reading scoped package data from E:\GitHub\imballinst.github.io\node_modules\babel-preset-stage-2\package.json
10 verbose installManyTop reading scoped package data from E:\GitHub\imballinst.github.io\node_modules\babel-register\package.json
11 verbose installManyTop reading scoped package data from E:\GitHub\imballinst.github.io\node_modules\babelify\package.json
12 verbose installManyTop reading scoped package data from E:\GitHub\imballinst.github.io\node_modules\browser-sync\package.json
13 verbose installManyTop reading scoped package data from E:\GitHub\imballinst.github.io\node_modules\browserify\package.json
14 verbose installManyTop reading scoped package data from E:\GitHub\imballinst.github.io\node_modules\classnames\package.json
15 verbose installManyTop reading scoped package data from E:\GitHub\imballinst.github.io\node_modules\del\package.json
16 verbose installManyTop reading scoped package data from E:\GitHub\imballinst.github.io\node_modules\enzyme\package.json
17 verbose installManyTop reading scoped package data from E:\GitHub\imballinst.github.io\node_modules\eslint\package.json
18 verbose installManyTop reading scoped package data from E:\GitHub\imballinst.github.io\node_modules\eslint-config-airbnb\package.json
19 verbose installManyTop reading scoped package data from E:\GitHub\imballinst.github.io\node_modules\eslint-plugin-babel\package.json
20 verbose installManyTop reading scoped package data from E:\GitHub\imballinst.github.io\node_modules\eslint-plugin-import\package.json
21 verbose installManyTop reading scoped package data from E:\GitHub\imballinst.github.io\node_modules\eslint-plugin-jsx-a11y\package.json
22 verbose installManyTop reading scoped package data from E:\GitHub\imballinst.github.io\node_modules\eslint-plugin-react\package.json
23 verbose installManyTop reading scoped package data from E:\GitHub\imballinst.github.io\node_modules\expect\package.json
24 verbose installManyTop reading scoped package data from E:\GitHub\imballinst.github.io\node_modules\gulp\package.json
25 verbose installManyTop reading scoped package data from E:\GitHub\imballinst.github.io\node_modules\gulp-cache\package.json
26 verbose installManyTop reading scoped package data from E:\GitHub\imballinst.github.io\node_modules\gulp-concat\package.json
27 verbose installManyTop reading scoped package data from E:\GitHub\imballinst.github.io\node_modules\gulp-cssnano\package.json
28 verbose installManyTop reading scoped package data from E:\GitHub\imballinst.github.io\node_modules\gulp-html-replace\package.json
29 verbose installManyTop reading scoped package data from E:\GitHub\imballinst.github.io\node_modules\gulp-imagemin\package.json
30 verbose installManyTop reading scoped package data from E:\GitHub\imballinst.github.io\node_modules\gulp-sass\package.json
31 verbose installManyTop reading scoped package data from E:\GitHub\imballinst.github.io\node_modules\gulp-uglify\package.json
32 verbose installManyTop reading scoped package data from E:\GitHub\imballinst.github.io\node_modules\gutil\package.json
33 verbose installManyTop reading scoped package data from E:\GitHub\imballinst.github.io\node_modules\isomorphic-fetch\package.json
34 verbose installManyTop reading scoped package data from E:\GitHub\imballinst.github.io\node_modules\jsdom\package.json
35 verbose installManyTop reading scoped package data from E:\GitHub\imballinst.github.io\node_modules\lodash\package.json
36 verbose installManyTop reading scoped package data from E:\GitHub\imballinst.github.io\node_modules\mocha\package.json
37 verbose installManyTop reading scoped package data from E:\GitHub\imballinst.github.io\node_modules\mocha-jsdom\package.json
38 verbose installManyTop reading scoped package data from E:\GitHub\imballinst.github.io\node_modules\nock\package.json
39 verbose installManyTop reading scoped package data from E:\GitHub\imballinst.github.io\node_modules\react\package.json
40 verbose installManyTop reading scoped package data from E:\GitHub\imballinst.github.io\node_modules\react-addons-test-utils\package.json
41 verbose installManyTop reading scoped package data from E:\GitHub\imballinst.github.io\node_modules\react-bootstrap\package.json
42 verbose installManyTop reading scoped package data from E:\GitHub\imballinst.github.io\node_modules\react-dom\package.json
43 verbose installManyTop reading scoped package data from E:\GitHub\imballinst.github.io\node_modules\react-redux\package.json
44 verbose installManyTop reading scoped package data from E:\GitHub\imballinst.github.io\node_modules\react-waypoint\package.json
45 verbose installManyTop reading scoped package data from E:\GitHub\imballinst.github.io\node_modules\redux\package.json
46 verbose installManyTop reading scoped package data from E:\GitHub\imballinst.github.io\node_modules\redux-logger\package.json
47 verbose installManyTop reading scoped package data from E:\GitHub\imballinst.github.io\node_modules\redux-mock-store\package.json
48 verbose installManyTop reading scoped package data from E:\GitHub\imballinst.github.io\node_modules\redux-thunk\package.json
49 verbose installManyTop reading scoped package data from E:\GitHub\imballinst.github.io\node_modules\run-sequence\package.json
50 verbose installManyTop reading scoped package data from E:\GitHub\imballinst.github.io\node_modules\sinon\package.json
51 verbose installManyTop reading scoped package data from E:\GitHub\imballinst.github.io\node_modules\vinyl-source-stream\package.json
52 verbose installManyTop reading scoped package data from E:\GitHub\imballinst.github.io\node_modules\watchify\package.json
53 info package.json axios@0.14.0 No README data
54 info package.json gutil@1.6.4 No repository field.
55 info package.json gutil@1.6.4 No license field.
56 verbose readDependencies loading dependencies from E:\GitHub\imballinst.github.io\package.json
57 silly cache add args [ 'dotenv', null ]
58 verbose cache add spec dotenv
59 silly cache add parsed spec Result {
59 silly cache add   raw: 'dotenv',
59 silly cache add   scope: null,
59 silly cache add   name: 'dotenv',
59 silly cache add   rawSpec: '',
59 silly cache add   spec: 'latest',
59 silly cache add   type: 'tag' }
60 silly addNamed dotenv@latest
61 verbose addNamed "latest" is being treated as a dist-tag for dotenv
62 info addNameTag [ 'dotenv', 'latest' ]
63 silly mapToRegistry name dotenv
64 silly mapToRegistry using default registry
65 silly mapToRegistry registry https://registry.npmjs.org/
66 silly mapToRegistry data Result {
66 silly mapToRegistry   raw: 'dotenv',
66 silly mapToRegistry   scope: null,
66 silly mapToRegistry   name: 'dotenv',
66 silly mapToRegistry   rawSpec: '',
66 silly mapToRegistry   spec: 'latest',
66 silly mapToRegistry   type: 'tag' }
67 silly mapToRegistry uri https://registry.npmjs.org/dotenv
68 verbose addNameTag registry:https://registry.npmjs.org/dotenv not in flight; fetching
69 verbose request uri https://registry.npmjs.org/dotenv
70 verbose request no auth needed
71 info attempt registry request try #1 at 11:02:35 AM
72 verbose request id d35cd20e7f431bb7
73 verbose etag W/"58636d6a-88a5"
74 verbose lastModified Wed, 28 Dec 2016 07:44:42 GMT
75 http request GET https://registry.npmjs.org/dotenv
76 http 304 https://registry.npmjs.org/dotenv
77 verbose headers { date: 'Sun, 01 Jan 2017 04:02:33 GMT',
77 verbose headers   via: '1.1 varnish',
77 verbose headers   'cache-control': 'max-age=300',
77 verbose headers   etag: 'W/"58636d6a-88a5"',
77 verbose headers   age: '226',
77 verbose headers   connection: 'keep-alive',
77 verbose headers   'x-served-by': 'cache-sin6922-SIN',
77 verbose headers   'x-cache': 'HIT',
77 verbose headers   'x-cache-hits': '1',
77 verbose headers   'x-timer': 'S1483243353.089976,VS0,VE0',
77 verbose headers   vary: 'Accept-Encoding' }
78 silly get cb [ 304,
78 silly get   { date: 'Sun, 01 Jan 2017 04:02:33 GMT',
78 silly get     via: '1.1 varnish',
78 silly get     'cache-control': 'max-age=300',
78 silly get     etag: 'W/"58636d6a-88a5"',
78 silly get     age: '226',
78 silly get     connection: 'keep-alive',
78 silly get     'x-served-by': 'cache-sin6922-SIN',
78 silly get     'x-cache': 'HIT',
78 silly get     'x-cache-hits': '1',
78 silly get     'x-timer': 'S1483243353.089976,VS0,VE0',
78 silly get     vary: 'Accept-Encoding' } ]
79 verbose etag https://registry.npmjs.org/dotenv from cache
80 verbose get saving dotenv to C:\Users\Try\AppData\Roaming\npm-cache\registry.npmjs.org\dotenv\.cache.json
81 verbose correctMkdir C:\Users\Try\AppData\Roaming\npm-cache correctMkdir not in flight; initializing
82 silly addNameTag next cb for dotenv with tag latest
83 silly addNamed dotenv@2.0.0
84 verbose addNamed "2.0.0" is a plain semver version for dotenv
85 silly cache afterAdd dotenv@2.0.0
86 verbose afterAdd C:\Users\Try\AppData\Roaming\npm-cache\dotenv\2.0.0\package\package.json not in flight; writing
87 verbose correctMkdir C:\Users\Try\AppData\Roaming\npm-cache correctMkdir not in flight; initializing
88 verbose afterAdd C:\Users\Try\AppData\Roaming\npm-cache\dotenv\2.0.0\package\package.json written
89 silly install resolved [ { name: 'dotenv',
89 silly install resolved     version: '2.0.0',
89 silly install resolved     description: 'Loads environment variables from .env file',
89 silly install resolved     main: 'lib/main.js',
89 silly install resolved     scripts:
89 silly install resolved      { test: 'lab test/* --coverage',
89 silly install resolved        posttest: 'npm run lint',
89 silly install resolved        lint: 'standard' },
89 silly install resolved     repository: { type: 'git', url: 'git://github.com/motdotla/dotenv.git' },
89 silly install resolved     keywords:
89 silly install resolved      [ 'dotenv',
89 silly install resolved        'env',
89 silly install resolved        '.env',
89 silly install resolved        'environment',
89 silly install resolved        'variables',
89 silly install resolved        'config',
89 silly install resolved        'settings' ],
89 silly install resolved     author: { name: 'scottmotte' },
89 silly install resolved     license: 'BSD-2-Clause',
89 silly install resolved     devDependencies:
89 silly install resolved      { babel: '5.8.23',
89 silly install resolved        lab: '5.17.0',
89 silly install resolved        semver: '5.0.3',
89 silly install resolved        should: '7.1.0',
89 silly install resolved        sinon: '1.16.1',
89 silly install resolved        standard: '5.3.0' },
89 silly install resolved     dependencies: {},
89 silly install resolved     gitHead: '97d1a99d96b8992e54480b81880a6187de81c86b',
89 silly install resolved     bugs: { url: 'https://github.com/motdotla/dotenv/issues' },
89 silly install resolved     homepage: 'https://github.com/motdotla/dotenv#readme',
89 silly install resolved     _id: 'dotenv@2.0.0',
89 silly install resolved     _shasum: 'bd759c357aaa70365e01c96b7b0bec08a6e0d949',
89 silly install resolved     _from: 'dotenv@latest',
89 silly install resolved     _npmVersion: '3.3.12',
89 silly install resolved     _nodeVersion: '5.1.0',
89 silly install resolved     _npmUser: { name: 'motdotla', email: 'mot@mot.la' },
89 silly install resolved     maintainers: [ [Object], [Object], [Object] ],
89 silly install resolved     dist:
89 silly install resolved      { shasum: 'bd759c357aaa70365e01c96b7b0bec08a6e0d949',
89 silly install resolved        tarball: 'https://registry.npmjs.org/dotenv/-/dotenv-2.0.0.tgz' },
89 silly install resolved     directories: {},
89 silly install resolved     _resolved: 'https://registry.npmjs.org/dotenv/-/dotenv-2.0.0.tgz',
89 silly install resolved     readme: 'ERROR: No README data found!' } ]
90 info install dotenv@2.0.0 into E:\GitHub\imballinst.github.io
91 info installOne dotenv@2.0.0
92 verbose installOne of dotenv to E:\GitHub\imballinst.github.io not in flight; installing
93 verbose correctMkdir C:\Users\Try\AppData\Roaming\npm-cache\_locks correctMkdir not in flight; initializing
94 verbose lock using C:\Users\Try\AppData\Roaming\npm-cache\_locks\dotenv-cd705ed6ef3ba905.lock for E:\GitHub\imballinst.github.io\node_modules\dotenv
95 silly install write writing dotenv 2.0.0 to E:\GitHub\imballinst.github.io\node_modules\dotenv
96 verbose unbuild node_modules\dotenv
97 silly gentlyRm E:\GitHub\imballinst.github.io\node_modules\dotenv is being purged from base E:\GitHub\imballinst.github.io
98 verbose gentlyRm don't care about contents; nuking E:\GitHub\imballinst.github.io\node_modules\dotenv
99 verbose tar unpack C:\Users\Try\AppData\Roaming\npm-cache\dotenv\2.0.0\package.tgz
100 verbose tar unpacking to E:\GitHub\imballinst.github.io\node_modules\dotenv
101 silly gentlyRm E:\GitHub\imballinst.github.io\node_modules\dotenv is being purged
102 verbose gentlyRm don't care about contents; nuking E:\GitHub\imballinst.github.io\node_modules\dotenv
103 silly gunzTarPerm modes [ '777', '666' ]
104 silly gunzTarPerm extractEntry package.json
105 silly gunzTarPerm modified mode [ 'package.json', 420, 438 ]
106 silly gunzTarPerm extractEntry .npmignore
107 silly gunzTarPerm modified mode [ '.npmignore', 420, 438 ]
108 silly gunzTarPerm extractEntry README.md
109 silly gunzTarPerm modified mode [ 'README.md', 420, 438 ]
110 silly gunzTarPerm extractEntry LICENSE
111 silly gunzTarPerm modified mode [ 'LICENSE', 420, 438 ]
112 silly gunzTarPerm extractEntry config.js
113 silly gunzTarPerm modified mode [ 'config.js', 420, 438 ]
114 silly gunzTarPerm extractEntry CONTRIBUTING.md
115 silly gunzTarPerm modified mode [ 'CONTRIBUTING.md', 420, 438 ]
116 silly gunzTarPerm extractEntry dotenv.png
117 silly gunzTarPerm modified mode [ 'dotenv.png', 420, 438 ]
118 silly gunzTarPerm extractEntry lib/main.js
119 silly gunzTarPerm modified mode [ 'lib/main.js', 420, 438 ]
120 silly gunzTarPerm extractEntry CHANGELOG.md
121 silly gunzTarPerm modified mode [ 'CHANGELOG.md', 420, 438 ]
122 verbose write writing to E:\GitHub\imballinst.github.io\node_modules\dotenv\package.json
123 info preinstall dotenv@2.0.0
124 verbose readDependencies loading dependencies from E:\GitHub\imballinst.github.io\node_modules\dotenv\package.json
125 verbose readDependencies loading dependencies from E:\GitHub\imballinst.github.io\node_modules\dotenv\package.json
126 silly install resolved []
127 verbose about to build E:\GitHub\imballinst.github.io\node_modules\dotenv
128 info build E:\GitHub\imballinst.github.io\node_modules\dotenv
129 info linkStuff dotenv@2.0.0
130 silly linkStuff dotenv@2.0.0 has E:\GitHub\imballinst.github.io\node_modules as its parent node_modules
131 verbose linkBins dotenv@2.0.0
132 verbose linkMans dotenv@2.0.0
133 verbose rebuildBundles dotenv@2.0.0
134 info install dotenv@2.0.0
135 info postinstall dotenv@2.0.0
136 verbose unlock done using C:\Users\Try\AppData\Roaming\npm-cache\_locks\dotenv-cd705ed6ef3ba905.lock for E:\GitHub\imballinst.github.io\node_modules\dotenv
137 verbose validateInstall loading E:\GitHub\imballinst.github.io\package.json for validation
138 verbose stack Error: The package react-dom@0.14.8 does not satisfy its siblings' peerDependencies requirements!
138 verbose stack     at D:\Program Files\nodejs\node_modules\npm\lib\install.js:125:32
138 verbose stack     at D:\Program Files\nodejs\node_modules\npm\lib\install.js:268:7
138 verbose stack     at D:\Program Files\nodejs\node_modules\npm\node_modules\read-installed\read-installed.js:142:5
138 verbose stack     at D:\Program Files\nodejs\node_modules\npm\node_modules\read-installed\read-installed.js:263:14
138 verbose stack     at cb (D:\Program Files\nodejs\node_modules\npm\node_modules\slide\lib\async-map.js:47:24)
138 verbose stack     at D:\Program Files\nodejs\node_modules\npm\node_modules\read-installed\read-installed.js:263:14
138 verbose stack     at cb (D:\Program Files\nodejs\node_modules\npm\node_modules\slide\lib\async-map.js:47:24)
138 verbose stack     at D:\Program Files\nodejs\node_modules\npm\node_modules\read-installed\read-installed.js:263:14
138 verbose stack     at cb (D:\Program Files\nodejs\node_modules\npm\node_modules\slide\lib\async-map.js:47:24)
138 verbose stack     at D:\Program Files\nodejs\node_modules\npm\node_modules\read-installed\read-installed.js:263:14
139 verbose cwd E:\GitHub\imballinst.github.io
140 error Windows_NT 6.3.9600
141 error argv "D:\\Program Files\\nodejs\\node.exe" "D:\\Program Files\\nodejs\\node_modules\\npm\\bin\\npm-cli.js" "install" "--save" "dotenv"
142 error node v4.4.3
143 error npm  v2.15.1
144 error code EPEERINVALID
145 error peerinvalid The package react-dom@0.14.8 does not satisfy its siblings' peerDependencies requirements!
145 error peerinvalid Peer react-bootstrap@0.30.7 wants react-dom@>=0.14.0
145 error peerinvalid Peer react-addons-test-utils@15.4.1 wants react-dom@^15.4.1
146 verbose exit [ 1, true ]
